# JRE version: OpenJDK Runtime Environment (11.0.20+8) (build 11.0.20+8-post-Ubuntu-1ubuntu120.04)
# Java VM: OpenJDK 64-Bit Server VM (11.0.20+8-post-Ubuntu-1ubuntu120.04, mixed mode, sharing, tiered, compressed oops, g1 gc, linux-amd64)
Heap:
 garbage-first heap   total 96256K, used 12028K [0x00000000a4600000, 0x0000000100000000)
  region size 1024K, 10 young (10240K), 4 survivors (4096K)
 Metaspace       used 14649K, capacity 15486K, committed 15744K, reserved 1062912K
  class space    used 1702K, capacity 1843K, committed 1920K, reserved 1048576K
GC Heap History (8 events):
Event: 0.635 GC heap before
{Heap before GC invocations=0 (full 0):
 garbage-first heap   total 96256K, used 6864K [0x00000000a4600000, 0x0000000100000000)
  region size 1024K, 7 young (7168K), 0 survivors (0K)
 Metaspace       used 1381K, capacity 5432K, committed 5632K, reserved 1056768K
  class space    used 124K, capacity 488K, committed 512K, reserved 1048576K
}
Event: 0.657 GC heap after
{Heap after GC invocations=1 (full 0):
 garbage-first heap   total 96256K, used 2912K [0x00000000a4600000, 0x0000000100000000)
  region size 1024K, 1 young (1024K), 1 survivors (1024K)
 Metaspace       used 1381K, capacity 5432K, committed 5632K, reserved 1056768K
  class space    used 124K, capacity 488K, committed 512K, reserved 1048576K
}
Event: 1.129 GC heap before
{Heap before GC invocations=1 (full 0):
 garbage-first heap   total 96256K, used 8032K [0x00000000a4600000, 0x0000000100000000)
  region size 1024K, 6 young (6144K), 1 survivors (1024K)
 Metaspace       used 3129K, capacity 6928K, committed 7040K, reserved 1056768K
  class space    used 233K, capacity 604K, committed 640K, reserved 1048576K
}
Event: 1.146 GC heap after
{Heap after GC invocations=2 (full 0):
 garbage-first heap   total 96256K, used 3149K [0x00000000a4600000, 0x0000000100000000)
  region size 1024K, 1 young (1024K), 1 survivors (1024K)
 Metaspace       used 3129K, capacity 6928K, committed 7040K, reserved 1056768K
  class space    used 233K, capacity 604K, committed 640K, reserved 1048576K
}
Event: 2.025 GC heap before
{Heap before GC invocations=2 (full 0):
 garbage-first heap   total 96256K, used 15437K [0x00000000a4600000, 0x0000000100000000)
  region size 1024K, 13 young (13312K), 1 survivors (1024K)
 Metaspace       used 7628K, capacity 10702K, committed 11008K, reserved 1058816K
  class space    used 871K, capacity 1185K, committed 1280K, reserved 1048576K
}
Event: 2.030 GC heap after
{Heap after GC invocations=3 (full 0):
 garbage-first heap   total 96256K, used 3776K [0x00000000a4600000, 0x0000000100000000)
  region size 1024K, 1 young (1024K), 1 survivors (1024K)
 Metaspace       used 7628K, capacity 10702K, committed 11008K, reserved 1058816K
  class space    used 871K, capacity 1185K, committed 1280K, reserved 1048576K
}
Event: 11.521 GC heap before
{Heap before GC invocations=3 (full 0):
 garbage-first heap   total 96256K, used 28352K [0x00000000a4600000, 0x0000000100000000)
  region size 1024K, 26 young (26624K), 1 survivors (1024K)
 Metaspace       used 13715K, capacity 14674K, committed 14848K, reserved 1062912K
  class space    used 1623K, capacity 1786K, committed 1792K, reserved 1048576K
}
Event: 11.555 GC heap after
{Heap after GC invocations=4 (full 0):
 garbage-first heap   total 96256K, used 6908K [0x00000000a4600000, 0x0000000100000000)
  region size 1024K, 4 young (4096K), 4 survivors (4096K)
 Metaspace       used 13715K, capacity 14674K, committed 14848K, reserved 1062912K
  class space    used 1623K, capacity 1786K, committed 1792K, reserved 1048576K
}

