# JRE version: OpenJDK Runtime Environment (11.0.20+8) (build 11.0.20+8-post-Ubuntu-1ubuntu120.04)
# Java VM: OpenJDK 64-Bit Server VM (11.0.20+8-post-Ubuntu-1ubuntu120.04, mixed mode, sharing, tiered, compressed oops, g1 gc, linux-amd64)
Heap:
 garbage-first heap   total 96256K, used 11938K [0x00000000a4600000, 0x0000000100000000)
  region size 1024K, 9 young (9216K), 3 survivors (3072K)
 Metaspace       used 14686K, capacity 15487K, committed 15744K, reserved 1062912K
  class space    used 1704K, capacity 1843K, committed 1920K, reserved 1048576K
GC Heap History (6 events):
Event: 0.451 GC heap before
{Heap before GC invocations=0 (full 0):
 garbage-first heap   total 96256K, used 6864K [0x00000000a4600000, 0x0000000100000000)
  region size 1024K, 7 young (7168K), 0 survivors (0K)
 Metaspace       used 1376K, capacity 5432K, committed 5632K, reserved 1056768K
  class space    used 124K, capacity 488K, committed 512K, reserved 1048576K
}
Event: 0.464 GC heap after
{Heap after GC invocations=1 (full 0):
 garbage-first heap   total 96256K, used 2888K [0x00000000a4600000, 0x0000000100000000)
  region size 1024K, 1 young (1024K), 1 survivors (1024K)
 Metaspace       used 1376K, capacity 5432K, committed 5632K, reserved 1056768K
  class space    used 124K, capacity 488K, committed 512K, reserved 1048576K
}
Event: 1.115 GC heap before
{Heap before GC invocations=1 (full 0):
 garbage-first heap   total 96256K, used 24392K [0x00000000a4600000, 0x0000000100000000)
  region size 1024K, 22 young (22528K), 1 survivors (1024K)
 Metaspace       used 8615K, capacity 11596K, committed 11904K, reserved 1060864K
  class space    used 984K, capacity 1293K, committed 1408K, reserved 1048576K
}
Event: 1.128 GC heap after
{Heap after GC invocations=2 (full 0):
 garbage-first heap   total 96256K, used 3941K [0x00000000a4600000, 0x0000000100000000)
  region size 1024K, 3 young (3072K), 3 survivors (3072K)
 Metaspace       used 8615K, capacity 11596K, committed 11904K, reserved 1060864K
  class space    used 984K, capacity 1293K, committed 1408K, reserved 1048576K
}
Event: 7.390 GC heap before
{Heap before GC invocations=2 (full 0):
 garbage-first heap   total 96256K, used 25445K [0x00000000a4600000, 0x0000000100000000)
  region size 1024K, 24 young (24576K), 3 survivors (3072K)
 Metaspace       used 13713K, capacity 14674K, committed 14848K, reserved 1062912K
  class space    used 1624K, capacity 1786K, committed 1792K, reserved 1048576K
}
Event: 7.422 GC heap after
{Heap after GC invocations=3 (full 0):
 garbage-first heap   total 96256K, used 6818K [0x00000000a4600000, 0x0000000100000000)
  region size 1024K, 3 young (3072K), 3 survivors (3072K)
 Metaspace       used 13713K, capacity 14674K, committed 14848K, reserved 1062912K
  class space    used 1624K, capacity 1786K, committed 1792K, reserved 1048576K
}

