# JRE version: OpenJDK Runtime Environment (11.0.19+7) (build 11.0.19+7-post-Ubuntu-0ubuntu120.04.1)
# Java VM: OpenJDK 64-Bit Server VM (11.0.19+7-post-Ubuntu-0ubuntu120.04.1, mixed mode, sharing, tiered, compressed oops, g1 gc, linux-amd64)
Heap:
 garbage-first heap   total 201728K, used 81020K [0x00000000a4600000, 0x0000000100000000)
  region size 1024K, 65 young (66560K), 7 survivors (7168K)
 Metaspace       used 31743K, capacity 32600K, committed 32944K, reserved 1079296K
  class space    used 3640K, capacity 3988K, committed 4096K, reserved 1048576K
GC Heap History (20 events):
Event: 3.685 GC heap before
{Heap before GC invocations=4 (full 0):
 garbage-first heap   total 96256K, used 30560K [0x00000000a4600000, 0x0000000100000000)
  region size 1024K, 17 young (17408K), 2 survivors (2048K)
 Metaspace       used 7630K, capacity 7857K, committed 8192K, reserved 1056768K
  class space    used 816K, capacity 898K, committed 1024K, reserved 1048576K
}
Event: 3.701 GC heap after
{Heap after GC invocations=5 (full 0):
 garbage-first heap   total 167936K, used 15542K [0x00000000a4600000, 0x0000000100000000)
  region size 1024K, 2 young (2048K), 2 survivors (2048K)
 Metaspace       used 7630K, capacity 7857K, committed 8192K, reserved 1056768K
  class space    used 816K, capacity 898K, committed 1024K, reserved 1048576K
}
Event: 10.602 GC heap before
{Heap before GC invocations=5 (full 0):
 garbage-first heap   total 167936K, used 45238K [0x00000000a4600000, 0x0000000100000000)
  region size 1024K, 31 young (31744K), 2 survivors (2048K)
 Metaspace       used 13014K, capacity 13292K, committed 13568K, reserved 1060864K
  class space    used 1400K, capacity 1507K, committed 1536K, reserved 1048576K
}
Event: 10.633 GC heap after
{Heap after GC invocations=6 (full 0):
 garbage-first heap   total 167936K, used 16897K [0x00000000a4600000, 0x0000000100000000)
  region size 1024K, 3 young (3072K), 3 survivors (3072K)
 Metaspace       used 13014K, capacity 13292K, committed 13568K, reserved 1060864K
  class space    used 1400K, capacity 1507K, committed 1536K, reserved 1048576K
}
Event: 11.466 GC heap before
{Heap before GC invocations=6 (full 0):
 garbage-first heap   total 167936K, used 56833K [0x00000000a4600000, 0x0000000100000000)
  region size 1024K, 42 young (43008K), 3 survivors (3072K)
 Metaspace       used 17880K, capacity 18219K, committed 18432K, reserved 1064960K
  class space    used 1899K, capacity 2020K, committed 2048K, reserved 1048576K
}
Event: 11.499 GC heap after
{Heap after GC invocations=7 (full 0):
 garbage-first heap   total 167936K, used 17941K [0x00000000a4600000, 0x0000000100000000)
  region size 1024K, 4 young (4096K), 4 survivors (4096K)
 Metaspace       used 17880K, capacity 18219K, committed 18432K, reserved 1064960K
  class space    used 1899K, capacity 2020K, committed 2048K, reserved 1048576K
}
Event: 12.124 GC heap before
{Heap before GC invocations=7 (full 0):
 garbage-first heap   total 167936K, used 36373K [0x00000000a4600000, 0x0000000100000000)
  region size 1024K, 23 young (23552K), 4 survivors (4096K)
 Metaspace       used 20669K, capacity 21042K, committed 21296K, reserved 1069056K
  class space    used 2240K, capacity 2382K, committed 2432K, reserved 1048576K
}
Event: 12.147 GC heap after
{Heap after GC invocations=8 (full 0):
 garbage-first heap   total 167936K, used 18603K [0x00000000a4600000, 0x0000000100000000)
  region size 1024K, 4 young (4096K), 4 survivors (4096K)
 Metaspace       used 20669K, capacity 21042K, committed 21296K, reserved 1069056K
  class space    used 2240K, capacity 2382K, committed 2432K, reserved 1048576K
}
Event: 13.848 GC heap before
{Heap before GC invocations=9 (full 0):
 garbage-first heap   total 167936K, used 64683K [0x00000000a4600000, 0x0000000100000000)
  region size 1024K, 49 young (50176K), 4 survivors (4096K)
 Metaspace       used 23828K, capacity 24311K, committed 24496K, reserved 1071104K
  class space    used 2600K, capacity 2771K, committed 2816K, reserved 1048576K
}
Event: 13.911 GC heap after
{Heap after GC invocations=10 (full 0):
 garbage-first heap   total 167936K, used 19635K [0x00000000a4600000, 0x0000000100000000)
  region size 1024K, 5 young (5120K), 5 survivors (5120K)
 Metaspace       used 23828K, capacity 24311K, committed 24496K, reserved 1071104K
  class space    used 2600K, capacity 2771K, committed 2816K, reserved 1048576K
}
Event: 15.506 GC heap before
{Heap before GC invocations=10 (full 0):
 garbage-first heap   total 167936K, used 71859K [0x00000000a4600000, 0x0000000100000000)
  region size 1024K, 56 young (57344K), 5 survivors (5120K)
 Metaspace       used 27372K, capacity 28165K, committed 28464K, reserved 1075200K
  class space    used 3059K, capacity 3360K, committed 3456K, reserved 1048576K
}
Event: 15.599 GC heap after
{Heap after GC invocations=11 (full 0):
 garbage-first heap   total 201728K, used 21405K [0x00000000a4600000, 0x0000000100000000)
  region size 1024K, 6 young (6144K), 6 survivors (6144K)
 Metaspace       used 27372K, capacity 28165K, committed 28464K, reserved 1075200K
  class space    used 3059K, capacity 3360K, committed 3456K, reserved 1048576K
}
Event: 16.168 GC heap before
{Heap before GC invocations=11 (full 0):
 garbage-first heap   total 201728K, used 136093K [0x00000000a4600000, 0x0000000100000000)
  region size 1024K, 118 young (120832K), 6 survivors (6144K)
 Metaspace       used 27404K, capacity 28169K, committed 28464K, reserved 1075200K
  class space    used 3059K, capacity 3360K, committed 3456K, reserved 1048576K
}
Event: 16.188 GC heap after
{Heap after GC invocations=12 (full 0):
 garbage-first heap   total 201728K, used 21114K [0x00000000a4600000, 0x0000000100000000)
  region size 1024K, 6 young (6144K), 6 survivors (6144K)
 Metaspace       used 27404K, capacity 28169K, committed 28464K, reserved 1075200K
  class space    used 3059K, capacity 3360K, committed 3456K, reserved 1048576K
}
Event: 16.334 GC heap before
{Heap before GC invocations=12 (full 0):
 garbage-first heap   total 201728K, used 135802K [0x00000000a4600000, 0x0000000100000000)
  region size 1024K, 118 young (120832K), 6 survivors (6144K)
 Metaspace       used 27434K, capacity 28175K, committed 28464K, reserved 1075200K
  class space    used 3059K, capacity 3360K, committed 3456K, reserved 1048576K
}
Event: 16.362 GC heap after
{Heap after GC invocations=13 (full 0):
 garbage-first heap   total 201728K, used 22140K [0x00000000a4600000, 0x0000000100000000)
  region size 1024K, 7 young (7168K), 7 survivors (7168K)
 Metaspace       used 27434K, capacity 28175K, committed 28464K, reserved 1075200K
  class space    used 3059K, capacity 3360K, committed 3456K, reserved 1048576K
}
Event: 16.551 GC heap before
{Heap before GC invocations=13 (full 0):
 garbage-first heap   total 201728K, used 135804K [0x00000000a4600000, 0x0000000100000000)
  region size 1024K, 118 young (120832K), 7 survivors (7168K)
 Metaspace       used 27435K, capacity 28175K, committed 28464K, reserved 1075200K
  class space    used 3059K, capacity 3360K, committed 3456K, reserved 1048576K
}
Event: 16.597 GC heap after
{Heap after GC invocations=14 (full 0):
 garbage-first heap   total 201728K, used 22140K [0x00000000a4600000, 0x0000000100000000)
  region size 1024K, 7 young (7168K), 7 survivors (7168K)
 Metaspace       used 27435K, capacity 28175K, committed 28464K, reserved 1075200K
  class space    used 3059K, capacity 3360K, committed 3456K, reserved 1048576K
}
Event: 20.738 GC heap before
{Heap before GC invocations=14 (full 0):
 garbage-first heap   total 201728K, used 134780K [0x00000000a4600000, 0x0000000100000000)
  region size 1024K, 118 young (120832K), 7 survivors (7168K)
 Metaspace       used 28600K, capacity 29346K, committed 29616K, reserved 1075200K
  class space    used 3195K, capacity 3497K, committed 3584K, reserved 1048576K
}
Event: 20.802 GC heap after
{Heap after GC invocations=15 (full 0):
 garbage-first heap   total 201728K, used 22652K [0x00000000a4600000, 0x0000000100000000)
  region size 1024K, 7 young (7168K), 7 survivors (7168K)
 Metaspace       used 28600K, capacity 29346K, committed 29616K, reserved 1075200K
  class space    used 3195K, capacity 3497K, committed 3584K, reserved 1048576K
}

